<?xml version="1.0" encoding="UTF-8"?>
<testsuite name="com.example.ServerTest" tests="8" skipped="0" failures="0" errors="0" timestamp="2026-08-21T08:31:03.293Z" hostname="CHOCOMINTT" time="2.972">
  <properties/>
  <testcase name="test borrow non-existent book returns 404" classname="com.example.ServerTest" time="2.558"/>
  <testcase name="test borrow book by ID updates isAvailable to false and creates lending record" classname="com.example.ServerTest" time="0.079"/>
  <testcase name="test create and get book" classname="com.example.ServerTest" time="0.07"/>
  <testcase name="test return book by ID updates returnDate and isAvailable back to true" classname="com.example.ServerTest" time="0.052"/>
  <testcase name="test update and delete book" classname="com.example.ServerTest" time="0.039"/>
  <testcase name="test search and filter books" classname="com.example.ServerTest" time="0.045"/>
  <testcase name="test borrow and return via lending routes by bookId" classname="com.example.ServerTest" time="0.061"/>
  <testcase name="test root endpoint returns 200" classname="com.example.ServerTest" time="0.04"/>
  <system-out><![CDATA[2026-08-21 15:31:05.385 [DefaultDispatcher-worker-2 @call-context#3] INFO  io.ktor.test - No ktor.deployment.watch patterns specified, automatic reload is not active.
2026-08-21 15:31:05.575 [DefaultDispatcher-worker-2 @call-context#3] INFO  io.ktor.test - Application started in 0.22 seconds.
2026-08-21 15:31:05.586 [DefaultDispatcher-worker-3 @coroutine#5] INFO  io.ktor.test - Responding at http://localhost:80
2026-08-21 15:31:05.588 [DefaultDispatcher-worker-3 @coroutine#5] INFO  io.ktor.test - Responding at https://localhost:443
2026-08-21 15:31:05.901 [DefaultDispatcher-worker-5 @call-context#15] INFO  io.ktor.test - No ktor.deployment.watch patterns specified, automatic reload is not active.
2026-08-21 15:31:05.904 [DefaultDispatcher-worker-5 @call-context#15] INFO  io.ktor.test - Application started in 0.004 seconds.
2026-08-21 15:31:05.906 [DefaultDispatcher-worker-4 @coroutine#17] INFO  io.ktor.test - Responding at http://localhost:80
2026-08-21 15:31:05.907 [DefaultDispatcher-worker-4 @coroutine#17] INFO  io.ktor.test - Responding at https://localhost:443
2026-08-21 15:31:05.967 [DefaultDispatcher-worker-3 @call-context#35] INFO  io.ktor.test - No ktor.deployment.watch patterns specified, automatic reload is not active.
2026-08-21 15:31:05.969 [DefaultDispatcher-worker-3 @call-context#35] INFO  io.ktor.test - Application started in 0.002 seconds.
2026-08-21 15:31:05.969 [DefaultDispatcher-worker-4 @coroutine#37] INFO  io.ktor.test - Responding at http://localhost:80
2026-08-21 15:31:05.970 [DefaultDispatcher-worker-4 @coroutine#37] INFO  io.ktor.test - Responding at https://localhost:443
2026-08-21 15:31:06.038 [DefaultDispatcher-worker-10 @call-context#51] INFO  io.ktor.test - No ktor.deployment.watch patterns specified, automatic reload is not active.
2026-08-21 15:31:06.042 [DefaultDispatcher-worker-10 @call-context#51] INFO  io.ktor.test - Application started in 0.004 seconds.
2026-08-21 15:31:06.042 [DefaultDispatcher-worker-6 @coroutine#53] INFO  io.ktor.test - Responding at http://localhost:80
2026-08-21 15:31:06.043 [DefaultDispatcher-worker-6 @coroutine#53] INFO  io.ktor.test - Responding at https://localhost:443
2026-08-21 15:31:06.093 [DefaultDispatcher-worker-8 @call-context#75] INFO  io.ktor.test - No ktor.deployment.watch patterns specified, automatic reload is not active.
2026-08-21 15:31:06.095 [DefaultDispatcher-worker-8 @call-context#75] INFO  io.ktor.test - Application started in 0.003 seconds.
2026-08-21 15:31:06.097 [DefaultDispatcher-worker-4 @coroutine#77] INFO  io.ktor.test - Responding at http://localhost:80
2026-08-21 15:31:06.097 [DefaultDispatcher-worker-4 @coroutine#77] INFO  io.ktor.test - Responding at https://localhost:443
2026-08-21 15:31:06.126 [DefaultDispatcher-worker-4 @call-context#95] INFO  io.ktor.test - No ktor.deployment.watch patterns specified, automatic reload is not active.
2026-08-21 15:31:06.129 [DefaultDispatcher-worker-4 @call-context#95] INFO  io.ktor.test - Application started in 0.003 seconds.
2026-08-21 15:31:06.129 [DefaultDispatcher-worker-8 @coroutine#97] INFO  io.ktor.test - Responding at http://localhost:80
2026-08-21 15:31:06.130 [DefaultDispatcher-worker-8 @coroutine#97] INFO  io.ktor.test - Responding at https://localhost:443
2026-08-21 15:31:06.181 [DefaultDispatcher-worker-3 @call-context#115] INFO  io.ktor.test - No ktor.deployment.watch patterns specified, automatic reload is not active.
2026-08-21 15:31:06.185 [DefaultDispatcher-worker-3 @call-context#115] INFO  io.ktor.test - Application started in 0.004 seconds.
2026-08-21 15:31:06.186 [DefaultDispatcher-worker-12 @coroutine#117] INFO  io.ktor.test - Responding at http://localhost:80
2026-08-21 15:31:06.187 [DefaultDispatcher-worker-12 @coroutine#117] INFO  io.ktor.test - Responding at https://localhost:443
2026-08-21 15:31:06.239 [DefaultDispatcher-worker-8 @call-context#135] INFO  io.ktor.test - No ktor.deployment.watch patterns specified, automatic reload is not active.
2026-08-21 15:31:06.243 [DefaultDispatcher-worker-8 @call-context#135] INFO  io.ktor.test - Application started in 0.005 seconds.
2026-08-21 15:31:06.244 [DefaultDispatcher-worker-4 @coroutine#137] INFO  io.ktor.test - Responding at http://localhost:80
2026-08-21 15:31:06.245 [DefaultDispatcher-worker-4 @coroutine#137] INFO  io.ktor.test - Responding at https://localhost:443
]]></system-out>
  <system-err><![CDATA[]]></system-err>
</testsuite>
